[19-Oct-2017 02:03:47 Asia/Tokyo] PHP Fatal error:  Call to a member function is_wanting() on a non-object in /home/ubuntu/workspace/monolist_5/storage/framework/views/0513aae1a74f5ff1d57ee4df6f5f8c75 on line 4
[19-Oct-2017 02:03:47 Asia/Tokyo] PHP Stack trace:
[19-Oct-2017 02:03:47 Asia/Tokyo] PHP   1. {main}() /home/ubuntu/workspace/monolist_5/server.php:0
[19-Oct-2017 02:03:47 Asia/Tokyo] PHP   2. require_once() /home/ubuntu/workspace/monolist_5/server.php:21
[19-Oct-2017 02:03:47 Asia/Tokyo] PHP   3. Illuminate\Foundation\Http\Kernel->handle() /home/ubuntu/workspace/monolist_5/public/index.php:54
[19-Oct-2017 02:03:47 Asia/Tokyo] PHP   4. Illuminate\Foundation\Http\Kernel->sendRequestThroughRouter() /home/ubuntu/workspace/monolist_5/vendor/laravel/framework/src/Illuminate/Foundation/Http/Kernel.php:87
[19-Oct-2017 02:03:47 Asia/Tokyo] PHP   5. Illuminate\Pipeline\Pipeline->then() /home/ubuntu/workspace/monolist_5/vendor/laravel/framework/src/Illuminate/Foundation/Http/Kernel.php:122
[19-Oct-2017 02:03:47 Asia/Tokyo] PHP   6. call_user_func:{/home/ubuntu/workspace/monolist_5/vendor/laravel/framework/src/Illuminate/Pipeline/Pipeline.php:103}() /home/ubuntu/workspace/monolist_5/vendor/laravel/framework/src/Illuminate/Pipeline/Pipeline.php:103
[19-Oct-2017 02:03:47 Asia/Tokyo] PHP   7. Illuminate\Pipeline\Pipeline->Illuminate\Pipeline\{closure}() /home/ubuntu/workspace/monolist_5/vendor/laravel/framework/src/Illuminate/Pipeline/Pipeline.php:103
[19-Oct-2017 02:03:47 Asia/Tokyo] PHP   8. call_user_func_array:{/home/ubuntu/workspace/monolist_5/vendor/laravel/framework/src/Illuminate/Pipeline/Pipeline.php:124}() /home/ubuntu/workspace/monolist_5/vendor/laravel/framework/src/Illuminate/Pipeline/Pipeline.php:124
[19-Oct-2017 02:03:47 Asia/Tokyo] PHP   9. Illuminate\Foundation\Http\Middleware\CheckForMaintenanceMode->handle() /home/ubuntu/workspace/monolist_5/vendor/laravel/framework/src/Illuminate/Pipeline/Pipeline.php:124
[19-Oct-2017 02:03:47 Asia/Tokyo] PHP  10. Illuminate\Pipeline\Pipeline->Illuminate\Pipeline\{closure}() /home/ubuntu/workspace/monolist_5/vendor/laravel/framework/src/Illuminate/Foundation/Http/Middleware/CheckForMaintenanceMode.php:44
[19-Oct-2017 02:03:47 Asia/Tokyo] PHP  11. call_user_func_array:{/home/ubuntu/workspace/monolist_5/vendor/laravel/framework/src/Illuminate/Pipeline/Pipeline.php:124}() /home/ubuntu/workspace/monolist_5/vendor/laravel/framework/src/Illuminate/Pipeline/Pipeline.php:124
[19-Oct-2017 02:03:47 Asia/Tokyo] PHP  12. Illuminate\Cookie\Middleware\EncryptCookies->handle() /home/ubuntu/workspace/monolist_5/vendor/laravel/framework/src/Illuminate/Pipeline/Pipeline.php:124
[19-Oct-2017 02:03:47 Asia/Tokyo] PHP  13. Illuminate\Pipeline\Pipeline->Illuminate\Pipeline\{closure}() /home/ubuntu/workspace/monolist_5/vendor/laravel/framework/src/Illuminate/Cookie/Middleware/EncryptCookies.php:59
[19-Oct-2017 02:03:47 Asia/Tokyo] PHP  14. call_user_func_array:{/home/ubuntu/workspace/monolist_5/vendor/laravel/framework/src/Illuminate/Pipeline/Pipeline.php:124}() /home/ubuntu/workspace/monolist_5/vendor/laravel/framework/src/Illuminate/Pipeline/Pipeline.php:124
[19-Oct-2017 02:03:47 Asia/Tokyo] PHP  15. Illuminate\Cookie\Middleware\AddQueuedCookiesToResponse->handle() /home/ubuntu/workspace/monolist_5/vendor/laravel/framework/src/Illuminate/Pipeline/Pipeline.php:124
[19-Oct-2017 02:03:47 Asia/Tokyo] PHP  16. Illuminate\Pipeline\Pipeline->Illuminate\Pipeline\{closure}() /home/ubuntu/workspace/monolist_5/vendor/laravel/framework/src/Illuminate/Cookie/Middleware/AddQueuedCookiesToResponse.php:37
[19-Oct-2017 02:03:47 Asia/Tokyo] PHP  17. call_user_func_array:{/home/ubuntu/workspace/monolist_5/vendor/laravel/framework/src/Illuminate/Pipeline/Pipeline.php:124}() /home/ubuntu/workspace/monolist_5/vendor/laravel/framework/src/Illuminate/Pipeline/Pipeline.php:124
[19-Oct-2017 02:03:47 Asia/Tokyo] PHP  18. Illuminate\Session\Middleware\StartSession->handle() /home/ubuntu/workspace/monolist_5/vendor/laravel/framework/src/Illuminate/Pipeline/Pipeline.php:124
[19-Oct-2017 02:03:47 Asia/Tokyo] PHP  19. Illuminate\Pipeline\Pipeline->Illuminate\Pipeline\{closure}() /home/ubuntu/workspace/monolist_5/vendor/laravel/framework/src/Illuminate/Session/Middleware/StartSession.php:62
[19-Oct-2017 02:03:47 Asia/Tokyo] PHP  20. call_user_func_array:{/home/ubuntu/workspace/monolist_5/vendor/laravel/framework/src/Illuminate/Pipeline/Pipeline.php:124}() /home/ubuntu/workspace/monolist_5/vendor/laravel/framework/src/Illuminate/Pipeline/Pipeline.php:124
[19-Oct-2017 02:03:47 Asia/Tokyo] PHP  21. Illuminate\View\Middleware\ShareErrorsFromSession->handle() /home/ubuntu/workspace/monolist_5/vendor/laravel/framework/src/Illuminate/Pipeline/Pipeline.php:124
[19-Oct-2017 02:03:47 Asia/Tokyo] PHP  22. Illuminate\Pipeline\Pipeline->Illuminate\Pipeline\{closure}() /home/ubuntu/workspace/monolist_5/vendor/laravel/framework/src/Illuminate/View/Middleware/ShareErrorsFromSession.php:49
[19-Oct-2017 02:03:47 Asia/Tokyo] PHP  23. call_user_func_array:{/home/ubuntu/workspace/monolist_5/vendor/laravel/framework/src/Illuminate/Pipeline/Pipeline.php:124}() /home/ubuntu/workspace/monolist_5/vendor/laravel/framework/src/Illuminate/Pipeline/Pipeline.php:124
[19-Oct-2017 02:03:47 Asia/Tokyo] PHP  24. Illuminate\Foundation\Http\Middleware\VerifyCsrfToken->handle() /home/ubuntu/workspace/monolist_5/vendor/laravel/framework/src/Illuminate/Pipeline/Pipeline.php:124
[19-Oct-2017 02:03:47 Asia/Tokyo] PHP  25. Illuminate\Pipeline\Pipeline->Illuminate\Pipeline\{closure}() /home/ubuntu/workspace/monolist_5/vendor/laravel/framework/src/Illuminate/Foundation/Http/Middleware/VerifyCsrfToken.php:50
[19-Oct-2017 02:03:47 Asia/Tokyo] PHP  26. call_user_func:{/home/ubuntu/workspace/monolist_5/vendor/laravel/framework/src/Illuminate/Pipeline/Pipeline.php:139}() /home/ubuntu/workspace/monolist_5/vendor/laravel/framework/src/Illuminate/Pipeline/Pipeline.php:139
[19-Oct-2017 02:03:47 Asia/Tokyo] PHP  27. Illuminate\Foundation\Http\Kernel->Illuminate\Foundation\Http\{closure}() /home/ubuntu/workspace/monolist_5/vendor/laravel/framework/src/Illuminate/Pipeline/Pipeline.php:139
[19-Oct-2017 02:03:47 Asia/Tokyo] PHP  28. Illuminate\Routing\Router->dispatch() /home/ubuntu/workspace/monolist_5/vendor/laravel/framework/src/Illuminate/Foundation/Http/Kernel.php:236
[19-Oct-2017 02:03:47 Asia/Tokyo] PHP  29. Illuminate\Routing\Router->dispatchToRoute() /home/ubuntu/workspace/monolist_5/vendor/laravel/framework/src/Illuminate/Routing/Router.php:635
[19-Oct-2017 02:03:47 Asia/Tokyo] PHP  30. Illuminate\Routing\Router->runRouteWithinStack() /home/ubuntu/workspace/monolist_5/vendor/laravel/framework/src/Illuminate/Routing/Router.php:675
[19-Oct-2017 02:03:47 Asia/Tokyo] PHP  31. Illuminate\Pipeline\Pipeline->then() /home/ubuntu/workspace/monolist_5/vendor/laravel/framework/src/Illuminate/Routing/Router.php:710
[19-Oct-2017 02:03:47 Asia/Tokyo] PHP  32. call_user_func:{/home/ubuntu/workspace/monolist_5/vendor/laravel/framework/src/Illuminate/Pipeline/Pipeline.php:103}() /home/ubuntu/workspace/monolist_5/vendor/laravel/framework/src/Illuminate/Pipeline/Pipeline.php:103
[19-Oct-2017 02:03:47 Asia/Tokyo] PHP  33. Illuminate\Pipeline\Pipeline->Illuminate\Pipeline\{closure}() /home/ubuntu/workspace/monolist_5/vendor/laravel/framework/src/Illuminate/Pipeline/Pipeline.php:103
[19-Oct-2017 02:03:47 Asia/Tokyo] PHP  34. call_user_func:{/home/ubuntu/workspace/monolist_5/vendor/laravel/framework/src/Illuminate/Pipeline/Pipeline.php:139}() /home/ubuntu/workspace/monolist_5/vendor/laravel/framework/src/Illuminate/Pipeline/Pipeline.php:139
[19-Oct-2017 02:03:47 Asia/Tokyo] PHP  35. Illuminate\Routing\Router->Illuminate\Routing\{closure}() /home/ubuntu/workspace/monolist_5/vendor/laravel/framework/src/Illuminate/Pipeline/Pipeline.php:139
[19-Oct-2017 02:03:47 Asia/Tokyo] PHP  36. Illuminate\Routing\Route->run() /home/ubuntu/workspace/monolist_5/vendor/laravel/framework/src/Illuminate/Routing/Router.php:708
[19-Oct-2017 02:03:47 Asia/Tokyo] PHP  37. Illuminate\Routing\Route->runWithCustomDispatcher() /home/ubuntu/workspace/monolist_5/vendor/laravel/framework/src/Illuminate/Routing/Route.php:134
[19-Oct-2017 02:03:47 Asia/Tokyo] PHP  38. Illuminate\Routing\ControllerDispatcher->dispatch() /home/ubuntu/workspace/monolist_5/vendor/laravel/framework/src/Illuminate/Routing/Route.php:203
[19-Oct-2017 02:03:47 Asia/Tokyo] PHP  39. Illuminate\Routing\ControllerDispatcher->callWithinStack() /home/ubuntu/workspace/monolist_5/vendor/laravel/framework/src/Illuminate/Routing/ControllerDispatcher.php:69
[19-Oct-2017 02:03:47 Asia/Tokyo] PHP  40. Illuminate\Pipeline\Pipeline->then() /home/ubuntu/workspace/monolist_5/vendor/laravel/framework/src/Illuminate/Routing/ControllerDispatcher.php:114
[19-Oct-2017 02:03:47 Asia/Tokyo] PHP  41. call_user_func:{/home/ubuntu/workspace/monolist_5/vendor/laravel/framework/src/Illuminate/Pipeline/Pipeline.php:103}() /home/ubuntu/workspace/monolist_5/vendor/laravel/framework/src/Illuminate/Pipeline/Pipeline.php:103
[19-Oct-2017 02:03:47 Asia/Tokyo] PHP  42. Illuminate\Pipeline\Pipeline->Illuminate\Pipeline\{closure}() /home/ubuntu/workspace/monolist_5/vendor/laravel/framework/src/Illuminate/Pipeline/Pipeline.php:103
[19-Oct-2017 02:03:47 Asia/Tokyo] PHP  43. call_user_func:{/home/ubuntu/workspace/monolist_5/vendor/laravel/framework/src/Illuminate/Pipeline/Pipeline.php:139}() /home/ubuntu/workspace/monolist_5/vendor/laravel/framework/src/Illuminate/Pipeline/Pipeline.php:139
[19-Oct-2017 02:03:47 Asia/Tokyo] PHP  44. Illuminate\Routing\ControllerDispatcher->Illuminate\Routing\{closure}() /home/ubuntu/workspace/monolist_5/vendor/laravel/framework/src/Illuminate/Pipeline/Pipeline.php:139
[19-Oct-2017 02:03:47 Asia/Tokyo] PHP  45. Illuminate\Routing\Router->prepareResponse() /home/ubuntu/workspace/monolist_5/vendor/laravel/framework/src/Illuminate/Routing/ControllerDispatcher.php:113
[19-Oct-2017 02:03:47 Asia/Tokyo] PHP  46. Symfony\Component\HttpFoundation\Response->__construct() /home/ubuntu/workspace/monolist_5/vendor/laravel/framework/src/Illuminate/Routing/Router.php:1229
[19-Oct-2017 02:03:47 Asia/Tokyo] PHP  47. Illuminate\Http\Response->setContent() /home/ubuntu/workspace/monolist_5/vendor/symfony/http-foundation/Response.php:200
[19-Oct-2017 02:03:47 Asia/Tokyo] PHP  48. Illuminate\View\View->render() /home/ubuntu/workspace/monolist_5/vendor/laravel/framework/src/Illuminate/Http/Response.php:51
[19-Oct-2017 02:03:47 Asia/Tokyo] PHP  49. Illuminate\View\View->renderContents() /home/ubuntu/workspace/monolist_5/vendor/laravel/framework/src/Illuminate/View/View.php:83
[19-Oct-2017 02:03:47 Asia/Tokyo] PHP  50. Illuminate\View\View->getContents() /home/ubuntu/workspace/monolist_5/vendor/laravel/framework/src/Illuminate/View/View.php:118
[19-Oct-2017 02:03:47 Asia/Tokyo] PHP  51. Illuminate\View\Engines\CompilerEngine->get() /home/ubuntu/workspace/monolist_5/vendor/laravel/framework/src/Illuminate/View/View.php:147
[19-Oct-2017 02:03:47 Asia/Tokyo] PHP  52. Illuminate\View\Engines\PhpEngine->evaluatePath() /home/ubuntu/workspace/monolist_5/vendor/laravel/framework/src/Illuminate/View/Engines/CompilerEngine.php:58
[19-Oct-2017 02:03:47 Asia/Tokyo] PHP  53. include() /home/ubuntu/workspace/monolist_5/vendor/laravel/framework/src/Illuminate/View/Engines/PhpEngine.php:42
[19-Oct-2017 02:03:47 Asia/Tokyo] PHP  54. Illuminate\View\View->render() /home/ubuntu/workspace/monolist_5/storage/framework/views/2a82b087e65b966714e0069b59f344a4:16
[19-Oct-2017 02:03:47 Asia/Tokyo] PHP  55. Illuminate\View\View->renderContents() /home/ubuntu/workspace/monolist_5/vendor/laravel/framework/src/Illuminate/View/View.php:83
[19-Oct-2017 02:03:47 Asia/Tokyo] PHP  56. Illuminate\View\View->getContents() /home/ubuntu/workspace/monolist_5/vendor/laravel/framework/src/Illuminate/View/View.php:118
[19-Oct-2017 02:03:47 Asia/Tokyo] PHP  57. Illuminate\View\Engines\CompilerEngine->get() /home/ubuntu/workspace/monolist_5/vendor/laravel/framework/src/Illuminate/View/View.php:147
[19-Oct-2017 02:03:47 Asia/Tokyo] PHP  58. Illuminate\View\Engines\PhpEngine->evaluatePath() /home/ubuntu/workspace/monolist_5/vendor/laravel/framework/src/Illuminate/View/Engines/CompilerEngine.php:58
[19-Oct-2017 02:03:47 Asia/Tokyo] PHP  59. include() /home/ubuntu/workspace/monolist_5/vendor/laravel/framework/src/Illuminate/View/Engines/PhpEngine.php:42
[19-Oct-2017 19:56:11 Asia/Tokyo] PHP Fatal error:  Call to a member function is_wanting() on a non-object in /home/ubuntu/workspace/monolist_5/storage/framework/views/0513aae1a74f5ff1d57ee4df6f5f8c75 on line 4
[19-Oct-2017 19:56:11 Asia/Tokyo] PHP Stack trace:
[19-Oct-2017 19:56:11 Asia/Tokyo] PHP   1. {main}() /home/ubuntu/workspace/monolist_5/server.php:0
[19-Oct-2017 19:56:11 Asia/Tokyo] PHP   2. require_once() /home/ubuntu/workspace/monolist_5/server.php:21
[19-Oct-2017 19:56:11 Asia/Tokyo] PHP   3. Illuminate\Foundation\Http\Kernel->handle() /home/ubuntu/workspace/monolist_5/public/index.php:54
[19-Oct-2017 19:56:11 Asia/Tokyo] PHP   4. Illuminate\Foundation\Http\Kernel->sendRequestThroughRouter() /home/ubuntu/workspace/monolist_5/vendor/laravel/framework/src/Illuminate/Foundation/Http/Kernel.php:87
[19-Oct-2017 19:56:11 Asia/Tokyo] PHP   5. Illuminate\Pipeline\Pipeline->then() /home/ubuntu/workspace/monolist_5/vendor/laravel/framework/src/Illuminate/Foundation/Http/Kernel.php:122
[19-Oct-2017 19:56:11 Asia/Tokyo] PHP   6. call_user_func:{/home/ubuntu/workspace/monolist_5/vendor/laravel/framework/src/Illuminate/Pipeline/Pipeline.php:103}() /home/ubuntu/workspace/monolist_5/vendor/laravel/framework/src/Illuminate/Pipeline/Pipeline.php:103
[19-Oct-2017 19:56:11 Asia/Tokyo] PHP   7. Illuminate\Pipeline\Pipeline->Illuminate\Pipeline\{closure}() /home/ubuntu/workspace/monolist_5/vendor/laravel/framework/src/Illuminate/Pipeline/Pipeline.php:103
[19-Oct-2017 19:56:11 Asia/Tokyo] PHP   8. call_user_func_array:{/home/ubuntu/workspace/monolist_5/vendor/laravel/framework/src/Illuminate/Pipeline/Pipeline.php:124}() /home/ubuntu/workspace/monolist_5/vendor/laravel/framework/src/Illuminate/Pipeline/Pipeline.php:124
[19-Oct-2017 19:56:11 Asia/Tokyo] PHP   9. Illuminate\Foundation\Http\Middleware\CheckForMaintenanceMode->handle() /home/ubuntu/workspace/monolist_5/vendor/laravel/framework/src/Illuminate/Pipeline/Pipeline.php:124
[19-Oct-2017 19:56:11 Asia/Tokyo] PHP  10. Illuminate\Pipeline\Pipeline->Illuminate\Pipeline\{closure}() /home/ubuntu/workspace/monolist_5/vendor/laravel/framework/src/Illuminate/Foundation/Http/Middleware/CheckForMaintenanceMode.php:44
[19-Oct-2017 19:56:11 Asia/Tokyo] PHP  11. call_user_func_array:{/home/ubuntu/workspace/monolist_5/vendor/laravel/framework/src/Illuminate/Pipeline/Pipeline.php:124}() /home/ubuntu/workspace/monolist_5/vendor/laravel/framework/src/Illuminate/Pipeline/Pipeline.php:124
[19-Oct-2017 19:56:11 Asia/Tokyo] PHP  12. Illuminate\Cookie\Middleware\EncryptCookies->handle() /home/ubuntu/workspace/monolist_5/vendor/laravel/framework/src/Illuminate/Pipeline/Pipeline.php:124
[19-Oct-2017 19:56:11 Asia/Tokyo] PHP  13. Illuminate\Pipeline\Pipeline->Illuminate\Pipeline\{closure}() /home/ubuntu/workspace/monolist_5/vendor/laravel/framework/src/Illuminate/Cookie/Middleware/EncryptCookies.php:59
[19-Oct-2017 19:56:11 Asia/Tokyo] PHP  14. call_user_func_array:{/home/ubuntu/workspace/monolist_5/vendor/laravel/framework/src/Illuminate/Pipeline/Pipeline.php:124}() /home/ubuntu/workspace/monolist_5/vendor/laravel/framework/src/Illuminate/Pipeline/Pipeline.php:124
[19-Oct-2017 19:56:11 Asia/Tokyo] PHP  15. Illuminate\Cookie\Middleware\AddQueuedCookiesToResponse->handle() /home/ubuntu/workspace/monolist_5/vendor/laravel/framework/src/Illuminate/Pipeline/Pipeline.php:124
[19-Oct-2017 19:56:11 Asia/Tokyo] PHP  16. Illuminate\Pipeline\Pipeline->Illuminate\Pipeline\{closure}() /home/ubuntu/workspace/monolist_5/vendor/laravel/framework/src/Illuminate/Cookie/Middleware/AddQueuedCookiesToResponse.php:37
[19-Oct-2017 19:56:11 Asia/Tokyo] PHP  17. call_user_func_array:{/home/ubuntu/workspace/monolist_5/vendor/laravel/framework/src/Illuminate/Pipeline/Pipeline.php:124}() /home/ubuntu/workspace/monolist_5/vendor/laravel/framework/src/Illuminate/Pipeline/Pipeline.php:124
[19-Oct-2017 19:56:11 Asia/Tokyo] PHP  18. Illuminate\Session\Middleware\StartSession->handle() /home/ubuntu/workspace/monolist_5/vendor/laravel/framework/src/Illuminate/Pipeline/Pipeline.php:124
[19-Oct-2017 19:56:11 Asia/Tokyo] PHP  19. Illuminate\Pipeline\Pipeline->Illuminate\Pipeline\{closure}() /home/ubuntu/workspace/monolist_5/vendor/laravel/framework/src/Illuminate/Session/Middleware/StartSession.php:62
[19-Oct-2017 19:56:11 Asia/Tokyo] PHP  20. call_user_func_array:{/home/ubuntu/workspace/monolist_5/vendor/laravel/framework/src/Illuminate/Pipeline/Pipeline.php:124}() /home/ubuntu/workspace/monolist_5/vendor/laravel/framework/src/Illuminate/Pipeline/Pipeline.php:124
[19-Oct-2017 19:56:11 Asia/Tokyo] PHP  21. Illuminate\View\Middleware\ShareErrorsFromSession->handle() /home/ubuntu/workspace/monolist_5/vendor/laravel/framework/src/Illuminate/Pipeline/Pipeline.php:124
[19-Oct-2017 19:56:11 Asia/Tokyo] PHP  22. Illuminate\Pipeline\Pipeline->Illuminate\Pipeline\{closure}() /home/ubuntu/workspace/monolist_5/vendor/laravel/framework/src/Illuminate/View/Middleware/ShareErrorsFromSession.php:49
[19-Oct-2017 19:56:11 Asia/Tokyo] PHP  23. call_user_func_array:{/home/ubuntu/workspace/monolist_5/vendor/laravel/framework/src/Illuminate/Pipeline/Pipeline.php:124}() /home/ubuntu/workspace/monolist_5/vendor/laravel/framework/src/Illuminate/Pipeline/Pipeline.php:124
[19-Oct-2017 19:56:11 Asia/Tokyo] PHP  24. Illuminate\Foundation\Http\Middleware\VerifyCsrfToken->handle() /home/ubuntu/workspace/monolist_5/vendor/laravel/framework/src/Illuminate/Pipeline/Pipeline.php:124
[19-Oct-2017 19:56:11 Asia/Tokyo] PHP  25. Illuminate\Pipeline\Pipeline->Illuminate\Pipeline\{closure}() /home/ubuntu/workspace/monolist_5/vendor/laravel/framework/src/Illuminate/Foundation/Http/Middleware/VerifyCsrfToken.php:50
[19-Oct-2017 19:56:11 Asia/Tokyo] PHP  26. call_user_func:{/home/ubuntu/workspace/monolist_5/vendor/laravel/framework/src/Illuminate/Pipeline/Pipeline.php:139}() /home/ubuntu/workspace/monolist_5/vendor/laravel/framework/src/Illuminate/Pipeline/Pipeline.php:139
[19-Oct-2017 19:56:11 Asia/Tokyo] PHP  27. Illuminate\Foundation\Http\Kernel->Illuminate\Foundation\Http\{closure}() /home/ubuntu/workspace/monolist_5/vendor/laravel/framework/src/Illuminate/Pipeline/Pipeline.php:139
[19-Oct-2017 19:56:11 Asia/Tokyo] PHP  28. Illuminate\Routing\Router->dispatch() /home/ubuntu/workspace/monolist_5/vendor/laravel/framework/src/Illuminate/Foundation/Http/Kernel.php:236
[19-Oct-2017 19:56:11 Asia/Tokyo] PHP  29. Illuminate\Routing\Router->dispatchToRoute() /home/ubuntu/workspace/monolist_5/vendor/laravel/framework/src/Illuminate/Routing/Router.php:635
[19-Oct-2017 19:56:11 Asia/Tokyo] PHP  30. Illuminate\Routing\Router->runRouteWithinStack() /home/ubuntu/workspace/monolist_5/vendor/laravel/framework/src/Illuminate/Routing/Router.php:675
[19-Oct-2017 19:56:11 Asia/Tokyo] PHP  31. Illuminate\Pipeline\Pipeline->then() /home/ubuntu/workspace/monolist_5/vendor/laravel/framework/src/Illuminate/Routing/Router.php:710
[19-Oct-2017 19:56:11 Asia/Tokyo] PHP  32. call_user_func:{/home/ubuntu/workspace/monolist_5/vendor/laravel/framework/src/Illuminate/Pipeline/Pipeline.php:103}() /home/ubuntu/workspace/monolist_5/vendor/laravel/framework/src/Illuminate/Pipeline/Pipeline.php:103
[19-Oct-2017 19:56:11 Asia/Tokyo] PHP  33. Illuminate\Pipeline\Pipeline->Illuminate\Pipeline\{closure}() /home/ubuntu/workspace/monolist_5/vendor/laravel/framework/src/Illuminate/Pipeline/Pipeline.php:103
[19-Oct-2017 19:56:11 Asia/Tokyo] PHP  34. call_user_func:{/home/ubuntu/workspace/monolist_5/vendor/laravel/framework/src/Illuminate/Pipeline/Pipeline.php:139}() /home/ubuntu/workspace/monolist_5/vendor/laravel/framework/src/Illuminate/Pipeline/Pipeline.php:139
[19-Oct-2017 19:56:11 Asia/Tokyo] PHP  35. Illuminate\Routing\Router->Illuminate\Routing\{closure}() /home/ubuntu/workspace/monolist_5/vendor/laravel/framework/src/Illuminate/Pipeline/Pipeline.php:139
[19-Oct-2017 19:56:11 Asia/Tokyo] PHP  36. Illuminate\Routing\Route->run() /home/ubuntu/workspace/monolist_5/vendor/laravel/framework/src/Illuminate/Routing/Router.php:708
[19-Oct-2017 19:56:11 Asia/Tokyo] PHP  37. Illuminate\Routing\Route->runWithCustomDispatcher() /home/ubuntu/workspace/monolist_5/vendor/laravel/framework/src/Illuminate/Routing/Route.php:134
[19-Oct-2017 19:56:11 Asia/Tokyo] PHP  38. Illuminate\Routing\ControllerDispatcher->dispatch() /home/ubuntu/workspace/monolist_5/vendor/laravel/framework/src/Illuminate/Routing/Route.php:203
[19-Oct-2017 19:56:11 Asia/Tokyo] PHP  39. Illuminate\Routing\ControllerDispatcher->callWithinStack() /home/ubuntu/workspace/monolist_5/vendor/laravel/framework/src/Illuminate/Routing/ControllerDispatcher.php:69
[19-Oct-2017 19:56:11 Asia/Tokyo] PHP  40. Illuminate\Pipeline\Pipeline->then() /home/ubuntu/workspace/monolist_5/vendor/laravel/framework/src/Illuminate/Routing/ControllerDispatcher.php:114
[19-Oct-2017 19:56:11 Asia/Tokyo] PHP  41. call_user_func:{/home/ubuntu/workspace/monolist_5/vendor/laravel/framework/src/Illuminate/Pipeline/Pipeline.php:103}() /home/ubuntu/workspace/monolist_5/vendor/laravel/framework/src/Illuminate/Pipeline/Pipeline.php:103
[19-Oct-2017 19:56:11 Asia/Tokyo] PHP  42. Illuminate\Pipeline\Pipeline->Illuminate\Pipeline\{closure}() /home/ubuntu/workspace/monolist_5/vendor/laravel/framework/src/Illuminate/Pipeline/Pipeline.php:103
[19-Oct-2017 19:56:11 Asia/Tokyo] PHP  43. call_user_func:{/home/ubuntu/workspace/monolist_5/vendor/laravel/framework/src/Illuminate/Pipeline/Pipeline.php:139}() /home/ubuntu/workspace/monolist_5/vendor/laravel/framework/src/Illuminate/Pipeline/Pipeline.php:139
[19-Oct-2017 19:56:11 Asia/Tokyo] PHP  44. Illuminate\Routing\ControllerDispatcher->Illuminate\Routing\{closure}() /home/ubuntu/workspace/monolist_5/vendor/laravel/framework/src/Illuminate/Pipeline/Pipeline.php:139
[19-Oct-2017 19:56:11 Asia/Tokyo] PHP  45. Illuminate\Routing\Router->prepareResponse() /home/ubuntu/workspace/monolist_5/vendor/laravel/framework/src/Illuminate/Routing/ControllerDispatcher.php:113
[19-Oct-2017 19:56:11 Asia/Tokyo] PHP  46. Symfony\Component\HttpFoundation\Response->__construct() /home/ubuntu/workspace/monolist_5/vendor/laravel/framework/src/Illuminate/Routing/Router.php:1229
[19-Oct-2017 19:56:11 Asia/Tokyo] PHP  47. Illuminate\Http\Response->setContent() /home/ubuntu/workspace/monolist_5/vendor/symfony/http-foundation/Response.php:200
[19-Oct-2017 19:56:11 Asia/Tokyo] PHP  48. Illuminate\View\View->render() /home/ubuntu/workspace/monolist_5/vendor/laravel/framework/src/Illuminate/Http/Response.php:51
[19-Oct-2017 19:56:11 Asia/Tokyo] PHP  49. Illuminate\View\View->renderContents() /home/ubuntu/workspace/monolist_5/vendor/laravel/framework/src/Illuminate/View/View.php:83
[19-Oct-2017 19:56:11 Asia/Tokyo] PHP  50. Illuminate\View\View->getContents() /home/ubuntu/workspace/monolist_5/vendor/laravel/framework/src/Illuminate/View/View.php:118
[19-Oct-2017 19:56:11 Asia/Tokyo] PHP  51. Illuminate\View\Engines\CompilerEngine->get() /home/ubuntu/workspace/monolist_5/vendor/laravel/framework/src/Illuminate/View/View.php:147
[19-Oct-2017 19:56:11 Asia/Tokyo] PHP  52. Illuminate\View\Engines\PhpEngine->evaluatePath() /home/ubuntu/workspace/monolist_5/vendor/laravel/framework/src/Illuminate/View/Engines/CompilerEngine.php:58
[19-Oct-2017 19:56:11 Asia/Tokyo] PHP  53. include() /home/ubuntu/workspace/monolist_5/vendor/laravel/framework/src/Illuminate/View/Engines/PhpEngine.php:42
[19-Oct-2017 19:56:11 Asia/Tokyo] PHP  54. Illuminate\View\View->render() /home/ubuntu/workspace/monolist_5/storage/framework/views/2a82b087e65b966714e0069b59f344a4:16
[19-Oct-2017 19:56:11 Asia/Tokyo] PHP  55. Illuminate\View\View->renderContents() /home/ubuntu/workspace/monolist_5/vendor/laravel/framework/src/Illuminate/View/View.php:83
[19-Oct-2017 19:56:11 Asia/Tokyo] PHP  56. Illuminate\View\View->getContents() /home/ubuntu/workspace/monolist_5/vendor/laravel/framework/src/Illuminate/View/View.php:118
[19-Oct-2017 19:56:11 Asia/Tokyo] PHP  57. Illuminate\View\Engines\CompilerEngine->get() /home/ubuntu/workspace/monolist_5/vendor/laravel/framework/src/Illuminate/View/View.php:147
[19-Oct-2017 19:56:11 Asia/Tokyo] PHP  58. Illuminate\View\Engines\PhpEngine->evaluatePath() /home/ubuntu/workspace/monolist_5/vendor/laravel/framework/src/Illuminate/View/Engines/CompilerEngine.php:58
[19-Oct-2017 19:56:11 Asia/Tokyo] PHP  59. include() /home/ubuntu/workspace/monolist_5/vendor/laravel/framework/src/Illuminate/View/Engines/PhpEngine.php:42
[19-Oct-2017 19:59:30 Asia/Tokyo] PHP Fatal error:  Call to a member function is_wanting() on a non-object in /home/ubuntu/workspace/monolist_5/storage/framework/views/0513aae1a74f5ff1d57ee4df6f5f8c75 on line 4
[19-Oct-2017 19:59:30 Asia/Tokyo] PHP Stack trace:
[19-Oct-2017 19:59:30 Asia/Tokyo] PHP   1. {main}() /home/ubuntu/workspace/monolist_5/server.php:0
[19-Oct-2017 19:59:30 Asia/Tokyo] PHP   2. require_once() /home/ubuntu/workspace/monolist_5/server.php:21
[19-Oct-2017 19:59:30 Asia/Tokyo] PHP   3. Illuminate\Foundation\Http\Kernel->handle() /home/ubuntu/workspace/monolist_5/public/index.php:54
[19-Oct-2017 19:59:30 Asia/Tokyo] PHP   4. Illuminate\Foundation\Http\Kernel->sendRequestThroughRouter() /home/ubuntu/workspace/monolist_5/vendor/laravel/framework/src/Illuminate/Foundation/Http/Kernel.php:87
[19-Oct-2017 19:59:30 Asia/Tokyo] PHP   5. Illuminate\Pipeline\Pipeline->then() /home/ubuntu/workspace/monolist_5/vendor/laravel/framework/src/Illuminate/Foundation/Http/Kernel.php:122
[19-Oct-2017 19:59:30 Asia/Tokyo] PHP   6. call_user_func:{/home/ubuntu/workspace/monolist_5/vendor/laravel/framework/src/Illuminate/Pipeline/Pipeline.php:103}() /home/ubuntu/workspace/monolist_5/vendor/laravel/framework/src/Illuminate/Pipeline/Pipeline.php:103
[19-Oct-2017 19:59:30 Asia/Tokyo] PHP   7. Illuminate\Pipeline\Pipeline->Illuminate\Pipeline\{closure}() /home/ubuntu/workspace/monolist_5/vendor/laravel/framework/src/Illuminate/Pipeline/Pipeline.php:103
[19-Oct-2017 19:59:30 Asia/Tokyo] PHP   8. call_user_func_array:{/home/ubuntu/workspace/monolist_5/vendor/laravel/framework/src/Illuminate/Pipeline/Pipeline.php:124}() /home/ubuntu/workspace/monolist_5/vendor/laravel/framework/src/Illuminate/Pipeline/Pipeline.php:124
[19-Oct-2017 19:59:30 Asia/Tokyo] PHP   9. Illuminate\Foundation\Http\Middleware\CheckForMaintenanceMode->handle() /home/ubuntu/workspace/monolist_5/vendor/laravel/framework/src/Illuminate/Pipeline/Pipeline.php:124
[19-Oct-2017 19:59:30 Asia/Tokyo] PHP  10. Illuminate\Pipeline\Pipeline->Illuminate\Pipeline\{closure}() /home/ubuntu/workspace/monolist_5/vendor/laravel/framework/src/Illuminate/Foundation/Http/Middleware/CheckForMaintenanceMode.php:44
[19-Oct-2017 19:59:30 Asia/Tokyo] PHP  11. call_user_func_array:{/home/ubuntu/workspace/monolist_5/vendor/laravel/framework/src/Illuminate/Pipeline/Pipeline.php:124}() /home/ubuntu/workspace/monolist_5/vendor/laravel/framework/src/Illuminate/Pipeline/Pipeline.php:124
[19-Oct-2017 19:59:30 Asia/Tokyo] PHP  12. Illuminate\Cookie\Middleware\EncryptCookies->handle() /home/ubuntu/workspace/monolist_5/vendor/laravel/framework/src/Illuminate/Pipeline/Pipeline.php:124
[19-Oct-2017 19:59:30 Asia/Tokyo] PHP  13. Illuminate\Pipeline\Pipeline->Illuminate\Pipeline\{closure}() /home/ubuntu/workspace/monolist_5/vendor/laravel/framework/src/Illuminate/Cookie/Middleware/EncryptCookies.php:59
[19-Oct-2017 19:59:30 Asia/Tokyo] PHP  14. call_user_func_array:{/home/ubuntu/workspace/monolist_5/vendor/laravel/framework/src/Illuminate/Pipeline/Pipeline.php:124}() /home/ubuntu/workspace/monolist_5/vendor/laravel/framework/src/Illuminate/Pipeline/Pipeline.php:124
[19-Oct-2017 19:59:30 Asia/Tokyo] PHP  15. Illuminate\Cookie\Middleware\AddQueuedCookiesToResponse->handle() /home/ubuntu/workspace/monolist_5/vendor/laravel/framework/src/Illuminate/Pipeline/Pipeline.php:124
[19-Oct-2017 19:59:30 Asia/Tokyo] PHP  16. Illuminate\Pipeline\Pipeline->Illuminate\Pipeline\{closure}() /home/ubuntu/workspace/monolist_5/vendor/laravel/framework/src/Illuminate/Cookie/Middleware/AddQueuedCookiesToResponse.php:37
[19-Oct-2017 19:59:30 Asia/Tokyo] PHP  17. call_user_func_array:{/home/ubuntu/workspace/monolist_5/vendor/laravel/framework/src/Illuminate/Pipeline/Pipeline.php:124}() /home/ubuntu/workspace/monolist_5/vendor/laravel/framework/src/Illuminate/Pipeline/Pipeline.php:124
[19-Oct-2017 19:59:30 Asia/Tokyo] PHP  18. Illuminate\Session\Middleware\StartSession->handle() /home/ubuntu/workspace/monolist_5/vendor/laravel/framework/src/Illuminate/Pipeline/Pipeline.php:124
[19-Oct-2017 19:59:30 Asia/Tokyo] PHP  19. Illuminate\Pipeline\Pipeline->Illuminate\Pipeline\{closure}() /home/ubuntu/workspace/monolist_5/vendor/laravel/framework/src/Illuminate/Session/Middleware/StartSession.php:62
[19-Oct-2017 19:59:30 Asia/Tokyo] PHP  20. call_user_func_array:{/home/ubuntu/workspace/monolist_5/vendor/laravel/framework/src/Illuminate/Pipeline/Pipeline.php:124}() /home/ubuntu/workspace/monolist_5/vendor/laravel/framework/src/Illuminate/Pipeline/Pipeline.php:124
[19-Oct-2017 19:59:30 Asia/Tokyo] PHP  21. Illuminate\View\Middleware\ShareErrorsFromSession->handle() /home/ubuntu/workspace/monolist_5/vendor/laravel/framework/src/Illuminate/Pipeline/Pipeline.php:124
[19-Oct-2017 19:59:30 Asia/Tokyo] PHP  22. Illuminate\Pipeline\Pipeline->Illuminate\Pipeline\{closure}() /home/ubuntu/workspace/monolist_5/vendor/laravel/framework/src/Illuminate/View/Middleware/ShareErrorsFromSession.php:49
[19-Oct-2017 19:59:30 Asia/Tokyo] PHP  23. call_user_func_array:{/home/ubuntu/workspace/monolist_5/vendor/laravel/framework/src/Illuminate/Pipeline/Pipeline.php:124}() /home/ubuntu/workspace/monolist_5/vendor/laravel/framework/src/Illuminate/Pipeline/Pipeline.php:124
[19-Oct-2017 19:59:30 Asia/Tokyo] PHP  24. Illuminate\Foundation\Http\Middleware\VerifyCsrfToken->handle() /home/ubuntu/workspace/monolist_5/vendor/laravel/framework/src/Illuminate/Pipeline/Pipeline.php:124
[19-Oct-2017 19:59:30 Asia/Tokyo] PHP  25. Illuminate\Pipeline\Pipeline->Illuminate\Pipeline\{closure}() /home/ubuntu/workspace/monolist_5/vendor/laravel/framework/src/Illuminate/Foundation/Http/Middleware/VerifyCsrfToken.php:50
[19-Oct-2017 19:59:30 Asia/Tokyo] PHP  26. call_user_func:{/home/ubuntu/workspace/monolist_5/vendor/laravel/framework/src/Illuminate/Pipeline/Pipeline.php:139}() /home/ubuntu/workspace/monolist_5/vendor/laravel/framework/src/Illuminate/Pipeline/Pipeline.php:139
[19-Oct-2017 19:59:30 Asia/Tokyo] PHP  27. Illuminate\Foundation\Http\Kernel->Illuminate\Foundation\Http\{closure}() /home/ubuntu/workspace/monolist_5/vendor/laravel/framework/src/Illuminate/Pipeline/Pipeline.php:139
[19-Oct-2017 19:59:30 Asia/Tokyo] PHP  28. Illuminate\Routing\Router->dispatch() /home/ubuntu/workspace/monolist_5/vendor/laravel/framework/src/Illuminate/Foundation/Http/Kernel.php:236
[19-Oct-2017 19:59:30 Asia/Tokyo] PHP  29. Illuminate\Routing\Router->dispatchToRoute() /home/ubuntu/workspace/monolist_5/vendor/laravel/framework/src/Illuminate/Routing/Router.php:635
[19-Oct-2017 19:59:30 Asia/Tokyo] PHP  30. Illuminate\Routing\Router->runRouteWithinStack() /home/ubuntu/workspace/monolist_5/vendor/laravel/framework/src/Illuminate/Routing/Router.php:675
[19-Oct-2017 19:59:30 Asia/Tokyo] PHP  31. Illuminate\Pipeline\Pipeline->then() /home/ubuntu/workspace/monolist_5/vendor/laravel/framework/src/Illuminate/Routing/Router.php:710
[19-Oct-2017 19:59:30 Asia/Tokyo] PHP  32. call_user_func:{/home/ubuntu/workspace/monolist_5/vendor/laravel/framework/src/Illuminate/Pipeline/Pipeline.php:103}() /home/ubuntu/workspace/monolist_5/vendor/laravel/framework/src/Illuminate/Pipeline/Pipeline.php:103
[19-Oct-2017 19:59:30 Asia/Tokyo] PHP  33. Illuminate\Pipeline\Pipeline->Illuminate\Pipeline\{closure}() /home/ubuntu/workspace/monolist_5/vendor/laravel/framework/src/Illuminate/Pipeline/Pipeline.php:103
[19-Oct-2017 19:59:30 Asia/Tokyo] PHP  34. call_user_func:{/home/ubuntu/workspace/monolist_5/vendor/laravel/framework/src/Illuminate/Pipeline/Pipeline.php:139}() /home/ubuntu/workspace/monolist_5/vendor/laravel/framework/src/Illuminate/Pipeline/Pipeline.php:139
[19-Oct-2017 19:59:30 Asia/Tokyo] PHP  35. Illuminate\Routing\Router->Illuminate\Routing\{closure}() /home/ubuntu/workspace/monolist_5/vendor/laravel/framework/src/Illuminate/Pipeline/Pipeline.php:139
[19-Oct-2017 19:59:30 Asia/Tokyo] PHP  36. Illuminate\Routing\Route->run() /home/ubuntu/workspace/monolist_5/vendor/laravel/framework/src/Illuminate/Routing/Router.php:708
[19-Oct-2017 19:59:30 Asia/Tokyo] PHP  37. Illuminate\Routing\Route->runWithCustomDispatcher() /home/ubuntu/workspace/monolist_5/vendor/laravel/framework/src/Illuminate/Routing/Route.php:134
[19-Oct-2017 19:59:30 Asia/Tokyo] PHP  38. Illuminate\Routing\ControllerDispatcher->dispatch() /home/ubuntu/workspace/monolist_5/vendor/laravel/framework/src/Illuminate/Routing/Route.php:203
[19-Oct-2017 19:59:30 Asia/Tokyo] PHP  39. Illuminate\Routing\ControllerDispatcher->callWithinStack() /home/ubuntu/workspace/monolist_5/vendor/laravel/framework/src/Illuminate/Routing/ControllerDispatcher.php:69
[19-Oct-2017 19:59:30 Asia/Tokyo] PHP  40. Illuminate\Pipeline\Pipeline->then() /home/ubuntu/workspace/monolist_5/vendor/laravel/framework/src/Illuminate/Routing/ControllerDispatcher.php:114
[19-Oct-2017 19:59:30 Asia/Tokyo] PHP  41. call_user_func:{/home/ubuntu/workspace/monolist_5/vendor/laravel/framework/src/Illuminate/Pipeline/Pipeline.php:103}() /home/ubuntu/workspace/monolist_5/vendor/laravel/framework/src/Illuminate/Pipeline/Pipeline.php:103
[19-Oct-2017 19:59:30 Asia/Tokyo] PHP  42. Illuminate\Pipeline\Pipeline->Illuminate\Pipeline\{closure}() /home/ubuntu/workspace/monolist_5/vendor/laravel/framework/src/Illuminate/Pipeline/Pipeline.php:103
[19-Oct-2017 19:59:30 Asia/Tokyo] PHP  43. call_user_func:{/home/ubuntu/workspace/monolist_5/vendor/laravel/framework/src/Illuminate/Pipeline/Pipeline.php:139}() /home/ubuntu/workspace/monolist_5/vendor/laravel/framework/src/Illuminate/Pipeline/Pipeline.php:139
[19-Oct-2017 19:59:30 Asia/Tokyo] PHP  44. Illuminate\Routing\ControllerDispatcher->Illuminate\Routing\{closure}() /home/ubuntu/workspace/monolist_5/vendor/laravel/framework/src/Illuminate/Pipeline/Pipeline.php:139
[19-Oct-2017 19:59:30 Asia/Tokyo] PHP  45. Illuminate\Routing\Router->prepareResponse() /home/ubuntu/workspace/monolist_5/vendor/laravel/framework/src/Illuminate/Routing/ControllerDispatcher.php:113
[19-Oct-2017 19:59:30 Asia/Tokyo] PHP  46. Symfony\Component\HttpFoundation\Response->__construct() /home/ubuntu/workspace/monolist_5/vendor/laravel/framework/src/Illuminate/Routing/Router.php:1229
[19-Oct-2017 19:59:30 Asia/Tokyo] PHP  47. Illuminate\Http\Response->setContent() /home/ubuntu/workspace/monolist_5/vendor/symfony/http-foundation/Response.php:200
[19-Oct-2017 19:59:30 Asia/Tokyo] PHP  48. Illuminate\View\View->render() /home/ubuntu/workspace/monolist_5/vendor/laravel/framework/src/Illuminate/Http/Response.php:51
[19-Oct-2017 19:59:30 Asia/Tokyo] PHP  49. Illuminate\View\View->renderContents() /home/ubuntu/workspace/monolist_5/vendor/laravel/framework/src/Illuminate/View/View.php:83
[19-Oct-2017 19:59:30 Asia/Tokyo] PHP  50. Illuminate\View\View->getContents() /home/ubuntu/workspace/monolist_5/vendor/laravel/framework/src/Illuminate/View/View.php:118
[19-Oct-2017 19:59:30 Asia/Tokyo] PHP  51. Illuminate\View\Engines\CompilerEngine->get() /home/ubuntu/workspace/monolist_5/vendor/laravel/framework/src/Illuminate/View/View.php:147
[19-Oct-2017 19:59:30 Asia/Tokyo] PHP  52. Illuminate\View\Engines\PhpEngine->evaluatePath() /home/ubuntu/workspace/monolist_5/vendor/laravel/framework/src/Illuminate/View/Engines/CompilerEngine.php:58
[19-Oct-2017 19:59:30 Asia/Tokyo] PHP  53. include() /home/ubuntu/workspace/monolist_5/vendor/laravel/framework/src/Illuminate/View/Engines/PhpEngine.php:42
[19-Oct-2017 19:59:30 Asia/Tokyo] PHP  54. Illuminate\View\View->render() /home/ubuntu/workspace/monolist_5/storage/framework/views/2a82b087e65b966714e0069b59f344a4:16
[19-Oct-2017 19:59:30 Asia/Tokyo] PHP  55. Illuminate\View\View->renderContents() /home/ubuntu/workspace/monolist_5/vendor/laravel/framework/src/Illuminate/View/View.php:83
[19-Oct-2017 19:59:30 Asia/Tokyo] PHP  56. Illuminate\View\View->getContents() /home/ubuntu/workspace/monolist_5/vendor/laravel/framework/src/Illuminate/View/View.php:118
[19-Oct-2017 19:59:30 Asia/Tokyo] PHP  57. Illuminate\View\Engines\CompilerEngine->get() /home/ubuntu/workspace/monolist_5/vendor/laravel/framework/src/Illuminate/View/View.php:147
[19-Oct-2017 19:59:30 Asia/Tokyo] PHP  58. Illuminate\View\Engines\PhpEngine->evaluatePath() /home/ubuntu/workspace/monolist_5/vendor/laravel/framework/src/Illuminate/View/Engines/CompilerEngine.php:58
[19-Oct-2017 19:59:30 Asia/Tokyo] PHP  59. include() /home/ubuntu/workspace/monolist_5/vendor/laravel/framework/src/Illuminate/View/Engines/PhpEngine.php:42
[19-Oct-2017 20:02:58 Asia/Tokyo] PHP Fatal error:  Call to a member function is_wanting() on a non-object in /home/ubuntu/workspace/monolist_4/storage/framework/views/f768763b6ba4a1b9a82194332776eeba on line 4
[19-Oct-2017 20:02:58 Asia/Tokyo] PHP Stack trace:
[19-Oct-2017 20:02:58 Asia/Tokyo] PHP   1. {main}() /home/ubuntu/workspace/monolist_4/server.php:0
[19-Oct-2017 20:02:58 Asia/Tokyo] PHP   2. require_once() /home/ubuntu/workspace/monolist_4/server.php:21
[19-Oct-2017 20:02:58 Asia/Tokyo] PHP   3. Illuminate\Foundation\Http\Kernel->handle() /home/ubuntu/workspace/monolist_4/public/index.php:54
[19-Oct-2017 20:02:58 Asia/Tokyo] PHP   4. Illuminate\Foundation\Http\Kernel->sendRequestThroughRouter() /home/ubuntu/workspace/monolist_4/vendor/laravel/framework/src/Illuminate/Foundation/Http/Kernel.php:87
[19-Oct-2017 20:02:58 Asia/Tokyo] PHP   5. Illuminate\Pipeline\Pipeline->then() /home/ubuntu/workspace/monolist_4/vendor/laravel/framework/src/Illuminate/Foundation/Http/Kernel.php:122
[19-Oct-2017 20:02:58 Asia/Tokyo] PHP   6. call_user_func:{/home/ubuntu/workspace/monolist_4/vendor/laravel/framework/src/Illuminate/Pipeline/Pipeline.php:103}() /home/ubuntu/workspace/monolist_4/vendor/laravel/framework/src/Illuminate/Pipeline/Pipeline.php:103
[19-Oct-2017 20:02:58 Asia/Tokyo] PHP   7. Illuminate\Pipeline\Pipeline->Illuminate\Pipeline\{closure}() /home/ubuntu/workspace/monolist_4/vendor/laravel/framework/src/Illuminate/Pipeline/Pipeline.php:103
[19-Oct-2017 20:02:58 Asia/Tokyo] PHP   8. call_user_func_array:{/home/ubuntu/workspace/monolist_4/vendor/laravel/framework/src/Illuminate/Pipeline/Pipeline.php:124}() /home/ubuntu/workspace/monolist_4/vendor/laravel/framework/src/Illuminate/Pipeline/Pipeline.php:124
[19-Oct-2017 20:02:58 Asia/Tokyo] PHP   9. Illuminate\Foundation\Http\Middleware\CheckForMaintenanceMode->handle() /home/ubuntu/workspace/monolist_4/vendor/laravel/framework/src/Illuminate/Pipeline/Pipeline.php:124
[19-Oct-2017 20:02:58 Asia/Tokyo] PHP  10. Illuminate\Pipeline\Pipeline->Illuminate\Pipeline\{closure}() /home/ubuntu/workspace/monolist_4/vendor/laravel/framework/src/Illuminate/Foundation/Http/Middleware/CheckForMaintenanceMode.php:44
[19-Oct-2017 20:02:58 Asia/Tokyo] PHP  11. call_user_func_array:{/home/ubuntu/workspace/monolist_4/vendor/laravel/framework/src/Illuminate/Pipeline/Pipeline.php:124}() /home/ubuntu/workspace/monolist_4/vendor/laravel/framework/src/Illuminate/Pipeline/Pipeline.php:124
[19-Oct-2017 20:02:58 Asia/Tokyo] PHP  12. Illuminate\Cookie\Middleware\EncryptCookies->handle() /home/ubuntu/workspace/monolist_4/vendor/laravel/framework/src/Illuminate/Pipeline/Pipeline.php:124
[19-Oct-2017 20:02:58 Asia/Tokyo] PHP  13. Illuminate\Pipeline\Pipeline->Illuminate\Pipeline\{closure}() /home/ubuntu/workspace/monolist_4/vendor/laravel/framework/src/Illuminate/Cookie/Middleware/EncryptCookies.php:59
[19-Oct-2017 20:02:58 Asia/Tokyo] PHP  14. call_user_func_array:{/home/ubuntu/workspace/monolist_4/vendor/laravel/framework/src/Illuminate/Pipeline/Pipeline.php:124}() /home/ubuntu/workspace/monolist_4/vendor/laravel/framework/src/Illuminate/Pipeline/Pipeline.php:124
[19-Oct-2017 20:02:58 Asia/Tokyo] PHP  15. Illuminate\Cookie\Middleware\AddQueuedCookiesToResponse->handle() /home/ubuntu/workspace/monolist_4/vendor/laravel/framework/src/Illuminate/Pipeline/Pipeline.php:124
[19-Oct-2017 20:02:58 Asia/Tokyo] PHP  16. Illuminate\Pipeline\Pipeline->Illuminate\Pipeline\{closure}() /home/ubuntu/workspace/monolist_4/vendor/laravel/framework/src/Illuminate/Cookie/Middleware/AddQueuedCookiesToResponse.php:37
[19-Oct-2017 20:02:58 Asia/Tokyo] PHP  17. call_user_func_array:{/home/ubuntu/workspace/monolist_4/vendor/laravel/framework/src/Illuminate/Pipeline/Pipeline.php:124}() /home/ubuntu/workspace/monolist_4/vendor/laravel/framework/src/Illuminate/Pipeline/Pipeline.php:124
[19-Oct-2017 20:02:58 Asia/Tokyo] PHP  18. Illuminate\Session\Middleware\StartSession->handle() /home/ubuntu/workspace/monolist_4/vendor/laravel/framework/src/Illuminate/Pipeline/Pipeline.php:124
[19-Oct-2017 20:02:58 Asia/Tokyo] PHP  19. Illuminate\Pipeline\Pipeline->Illuminate\Pipeline\{closure}() /home/ubuntu/workspace/monolist_4/vendor/laravel/framework/src/Illuminate/Session/Middleware/StartSession.php:62
[19-Oct-2017 20:02:58 Asia/Tokyo] PHP  20. call_user_func_array:{/home/ubuntu/workspace/monolist_4/vendor/laravel/framework/src/Illuminate/Pipeline/Pipeline.php:124}() /home/ubuntu/workspace/monolist_4/vendor/laravel/framework/src/Illuminate/Pipeline/Pipeline.php:124
[19-Oct-2017 20:02:58 Asia/Tokyo] PHP  21. Illuminate\View\Middleware\ShareErrorsFromSession->handle() /home/ubuntu/workspace/monolist_4/vendor/laravel/framework/src/Illuminate/Pipeline/Pipeline.php:124
[19-Oct-2017 20:02:58 Asia/Tokyo] PHP  22. Illuminate\Pipeline\Pipeline->Illuminate\Pipeline\{closure}() /home/ubuntu/workspace/monolist_4/vendor/laravel/framework/src/Illuminate/View/Middleware/ShareErrorsFromSession.php:49
[19-Oct-2017 20:02:58 Asia/Tokyo] PHP  23. call_user_func_array:{/home/ubuntu/workspace/monolist_4/vendor/laravel/framework/src/Illuminate/Pipeline/Pipeline.php:124}() /home/ubuntu/workspace/monolist_4/vendor/laravel/framework/src/Illuminate/Pipeline/Pipeline.php:124
[19-Oct-2017 20:02:58 Asia/Tokyo] PHP  24. Illuminate\Foundation\Http\Middleware\VerifyCsrfToken->handle() /home/ubuntu/workspace/monolist_4/vendor/laravel/framework/src/Illuminate/Pipeline/Pipeline.php:124
[19-Oct-2017 20:02:58 Asia/Tokyo] PHP  25. Illuminate\Pipeline\Pipeline->Illuminate\Pipeline\{closure}() /home/ubuntu/workspace/monolist_4/vendor/laravel/framework/src/Illuminate/Foundation/Http/Middleware/VerifyCsrfToken.php:50
[19-Oct-2017 20:02:58 Asia/Tokyo] PHP  26. call_user_func:{/home/ubuntu/workspace/monolist_4/vendor/laravel/framework/src/Illuminate/Pipeline/Pipeline.php:139}() /home/ubuntu/workspace/monolist_4/vendor/laravel/framework/src/Illuminate/Pipeline/Pipeline.php:139
[19-Oct-2017 20:02:58 Asia/Tokyo] PHP  27. Illuminate\Foundation\Http\Kernel->Illuminate\Foundation\Http\{closure}() /home/ubuntu/workspace/monolist_4/vendor/laravel/framework/src/Illuminate/Pipeline/Pipeline.php:139
[19-Oct-2017 20:02:58 Asia/Tokyo] PHP  28. Illuminate\Routing\Router->dispatch() /home/ubuntu/workspace/monolist_4/vendor/laravel/framework/src/Illuminate/Foundation/Http/Kernel.php:236
[19-Oct-2017 20:02:58 Asia/Tokyo] PHP  29. Illuminate\Routing\Router->dispatchToRoute() /home/ubuntu/workspace/monolist_4/vendor/laravel/framework/src/Illuminate/Routing/Router.php:635
[19-Oct-2017 20:02:58 Asia/Tokyo] PHP  30. Illuminate\Routing\Router->runRouteWithinStack() /home/ubuntu/workspace/monolist_4/vendor/laravel/framework/src/Illuminate/Routing/Router.php:675
[19-Oct-2017 20:02:58 Asia/Tokyo] PHP  31. Illuminate\Pipeline\Pipeline->then() /home/ubuntu/workspace/monolist_4/vendor/laravel/framework/src/Illuminate/Routing/Router.php:710
[19-Oct-2017 20:02:58 Asia/Tokyo] PHP  32. call_user_func:{/home/ubuntu/workspace/monolist_4/vendor/laravel/framework/src/Illuminate/Pipeline/Pipeline.php:103}() /home/ubuntu/workspace/monolist_4/vendor/laravel/framework/src/Illuminate/Pipeline/Pipeline.php:103
[19-Oct-2017 20:02:58 Asia/Tokyo] PHP  33. Illuminate\Pipeline\Pipeline->Illuminate\Pipeline\{closure}() /home/ubuntu/workspace/monolist_4/vendor/laravel/framework/src/Illuminate/Pipeline/Pipeline.php:103
[19-Oct-2017 20:02:58 Asia/Tokyo] PHP  34. call_user_func:{/home/ubuntu/workspace/monolist_4/vendor/laravel/framework/src/Illuminate/Pipeline/Pipeline.php:139}() /home/ubuntu/workspace/monolist_4/vendor/laravel/framework/src/Illuminate/Pipeline/Pipeline.php:139
[19-Oct-2017 20:02:58 Asia/Tokyo] PHP  35. Illuminate\Routing\Router->Illuminate\Routing\{closure}() /home/ubuntu/workspace/monolist_4/vendor/laravel/framework/src/Illuminate/Pipeline/Pipeline.php:139
[19-Oct-2017 20:02:58 Asia/Tokyo] PHP  36. Illuminate\Routing\Route->run() /home/ubuntu/workspace/monolist_4/vendor/laravel/framework/src/Illuminate/Routing/Router.php:708
[19-Oct-2017 20:02:58 Asia/Tokyo] PHP  37. Illuminate\Routing\Route->runWithCustomDispatcher() /home/ubuntu/workspace/monolist_4/vendor/laravel/framework/src/Illuminate/Routing/Route.php:134
[19-Oct-2017 20:02:58 Asia/Tokyo] PHP  38. Illuminate\Routing\ControllerDispatcher->dispatch() /home/ubuntu/workspace/monolist_4/vendor/laravel/framework/src/Illuminate/Routing/Route.php:203
[19-Oct-2017 20:02:58 Asia/Tokyo] PHP  39. Illuminate\Routing\ControllerDispatcher->callWithinStack() /home/ubuntu/workspace/monolist_4/vendor/laravel/framework/src/Illuminate/Routing/ControllerDispatcher.php:69
[19-Oct-2017 20:02:58 Asia/Tokyo] PHP  40. Illuminate\Pipeline\Pipeline->then() /home/ubuntu/workspace/monolist_4/vendor/laravel/framework/src/Illuminate/Routing/ControllerDispatcher.php:114
[19-Oct-2017 20:02:58 Asia/Tokyo] PHP  41. call_user_func:{/home/ubuntu/workspace/monolist_4/vendor/laravel/framework/src/Illuminate/Pipeline/Pipeline.php:103}() /home/ubuntu/workspace/monolist_4/vendor/laravel/framework/src/Illuminate/Pipeline/Pipeline.php:103
[19-Oct-2017 20:02:58 Asia/Tokyo] PHP  42. Illuminate\Pipeline\Pipeline->Illuminate\Pipeline\{closure}() /home/ubuntu/workspace/monolist_4/vendor/laravel/framework/src/Illuminate/Pipeline/Pipeline.php:103
[19-Oct-2017 20:02:58 Asia/Tokyo] PHP  43. call_user_func:{/home/ubuntu/workspace/monolist_4/vendor/laravel/framework/src/Illuminate/Pipeline/Pipeline.php:139}() /home/ubuntu/workspace/monolist_4/vendor/laravel/framework/src/Illuminate/Pipeline/Pipeline.php:139
[19-Oct-2017 20:02:58 Asia/Tokyo] PHP  44. Illuminate\Routing\ControllerDispatcher->Illuminate\Routing\{closure}() /home/ubuntu/workspace/monolist_4/vendor/laravel/framework/src/Illuminate/Pipeline/Pipeline.php:139
[19-Oct-2017 20:02:58 Asia/Tokyo] PHP  45. Illuminate\Routing\Router->prepareResponse() /home/ubuntu/workspace/monolist_4/vendor/laravel/framework/src/Illuminate/Routing/ControllerDispatcher.php:113
[19-Oct-2017 20:02:58 Asia/Tokyo] PHP  46. Symfony\Component\HttpFoundation\Response->__construct() /home/ubuntu/workspace/monolist_4/vendor/laravel/framework/src/Illuminate/Routing/Router.php:1229
[19-Oct-2017 20:02:58 Asia/Tokyo] PHP  47. Illuminate\Http\Response->setContent() /home/ubuntu/workspace/monolist_4/vendor/symfony/http-foundation/Response.php:200
[19-Oct-2017 20:02:58 Asia/Tokyo] PHP  48. Illuminate\View\View->render() /home/ubuntu/workspace/monolist_4/vendor/laravel/framework/src/Illuminate/Http/Response.php:51
[19-Oct-2017 20:02:58 Asia/Tokyo] PHP  49. Illuminate\View\View->renderContents() /home/ubuntu/workspace/monolist_4/vendor/laravel/framework/src/Illuminate/View/View.php:83
[19-Oct-2017 20:02:58 Asia/Tokyo] PHP  50. Illuminate\View\View->getContents() /home/ubuntu/workspace/monolist_4/vendor/laravel/framework/src/Illuminate/View/View.php:118
[19-Oct-2017 20:02:58 Asia/Tokyo] PHP  51. Illuminate\View\Engines\CompilerEngine->get() /home/ubuntu/workspace/monolist_4/vendor/laravel/framework/src/Illuminate/View/View.php:147
[19-Oct-2017 20:02:58 Asia/Tokyo] PHP  52. Illuminate\View\Engines\PhpEngine->evaluatePath() /home/ubuntu/workspace/monolist_4/vendor/laravel/framework/src/Illuminate/View/Engines/CompilerEngine.php:58
[19-Oct-2017 20:02:58 Asia/Tokyo] PHP  53. include() /home/ubuntu/workspace/monolist_4/vendor/laravel/framework/src/Illuminate/View/Engines/PhpEngine.php:42
[19-Oct-2017 20:02:58 Asia/Tokyo] PHP  54. Illuminate\View\View->render() /home/ubuntu/workspace/monolist_4/storage/framework/views/eb2232788cfbb245ca38f177b933edf4:15
[19-Oct-2017 20:02:58 Asia/Tokyo] PHP  55. Illuminate\View\View->renderContents() /home/ubuntu/workspace/monolist_4/vendor/laravel/framework/src/Illuminate/View/View.php:83
[19-Oct-2017 20:02:58 Asia/Tokyo] PHP  56. Illuminate\View\View->getContents() /home/ubuntu/workspace/monolist_4/vendor/laravel/framework/src/Illuminate/View/View.php:118
[19-Oct-2017 20:02:58 Asia/Tokyo] PHP  57. Illuminate\View\Engines\CompilerEngine->get() /home/ubuntu/workspace/monolist_4/vendor/laravel/framework/src/Illuminate/View/View.php:147
[19-Oct-2017 20:02:58 Asia/Tokyo] PHP  58. Illuminate\View\Engines\PhpEngine->evaluatePath() /home/ubuntu/workspace/monolist_4/vendor/laravel/framework/src/Illuminate/View/Engines/CompilerEngine.php:58
[19-Oct-2017 20:02:58 Asia/Tokyo] PHP  59. include() /home/ubuntu/workspace/monolist_4/vendor/laravel/framework/src/Illuminate/View/Engines/PhpEngine.php:42
